This is pdfTeX, Version 3.1415926-2.4-1.40.13 (MiKTeX 2.9) (preloaded format=pdflatex 2012.10.19)  29 OCT 2012 18:19
entering extended mode
**PDF.tex
(C:\Users\Urbo\Desktop\ESCOM\N1\ESD\P2\PDF.tex
LaTeX2e <2011/06/27>
Babel <v3.8m> and hyphenation patterns for english, afrikaans, ancientgreek, ar
abic, armenian, assamese, basque, bengali, bokmal, bulgarian, catalan, coptic, 
croatian, czech, danish, dutch, esperanto, estonian, farsi, finnish, french, ga
lician, german, german-x-2012-05-30, greek, gujarati, hindi, hungarian, iceland
ic, indonesian, interlingua, irish, italian, kannada, kurmanji, latin, latvian,
 lithuanian, malayalam, marathi, mongolian, mongolianlmc, monogreek, ngerman, n
german-x-2012-05-30, nynorsk, oriya, panjabi, pinyin, polish, portuguese, roman
ian, russian, sanskrit, serbian, slovak, slovenian, spanish, swedish, swissgerm
an, tamil, telugu, turkish, turkmen, ukenglish, ukrainian, uppersorbian, usengl
ishmax, welsh, loaded.
("C:\Program Files\MiKTeX 2.9\tex\latex\base\article.cls"
Document Class: article 2007/10/19 v1.4h Standard LaTeX document class
("C:\Program Files\MiKTeX 2.9\tex\latex\base\size10.clo"
File: size10.clo 2007/10/19 v1.4h Standard LaTeX file (size option)
)
\c@part=\count79
\c@section=\count80
\c@subsection=\count81
\c@subsubsection=\count82
\c@paragraph=\count83
\c@subparagraph=\count84
\c@figure=\count85
\c@table=\count86
\abovecaptionskip=\skip41
\belowcaptionskip=\skip42
\bibindent=\dimen102
)
("C:\Program Files\MiKTeX 2.9\tex\latex\listings\listings.sty"
("C:\Program Files\MiKTeX 2.9\tex\latex\graphics\keyval.sty"
Package: keyval 1999/03/16 v1.13 key=value parser (DPC)
\KV@toks@=\toks14
)
\lst@mode=\count87
\lst@gtempboxa=\box26
\lst@token=\toks15
\lst@length=\count88
\lst@currlwidth=\dimen103
\lst@column=\count89
\lst@pos=\count90
\lst@lostspace=\dimen104
\lst@width=\dimen105
\lst@newlines=\count91
\lst@lineno=\count92
\lst@maxwidth=\dimen106

("C:\Program Files\MiKTeX 2.9\tex\latex\listings\lstmisc.sty"
File: lstmisc.sty 2007/02/22 1.4 (Carsten Heinz)
\c@lstnumber=\count93
\lst@skipnumbers=\count94
\lst@framebox=\box27
)
("C:\Program Files\MiKTeX 2.9\tex\latex\listings\listings.cfg"
File: listings.cfg 2007/02/22 1.4 listings configuration
))
Package: listings 2007/02/22 1.4 (Carsten Heinz)

("C:\Program Files\MiKTeX 2.9\tex\latex\graphics\color.sty"
Package: color 2005/11/14 v1.0j Standard LaTeX Color (DPC)

("C:\Program Files\MiKTeX 2.9\tex\latex\00miktex\color.cfg"
File: color.cfg 2007/01/18 v1.5 color configuration of teTeX/TeXLive
)
Package color Info: Driver file: pdftex.def on input line 130.

("C:\Program Files\MiKTeX 2.9\tex\latex\pdftex-def\pdftex.def"
File: pdftex.def 2011/05/27 v0.06d Graphics/color for pdfTeX

("C:\Program Files\MiKTeX 2.9\tex\generic\oberdiek\infwarerr.sty"
Package: infwarerr 2010/04/08 v1.3 Providing info/warning/error messages (HO)
)
("C:\Program Files\MiKTeX 2.9\tex\generic\oberdiek\ltxcmds.sty"
Package: ltxcmds 2011/11/09 v1.22 LaTeX kernel commands for general use (HO)
)
\Gread@gobject=\count95
))
("C:\Program Files\MiKTeX 2.9\tex\latex\psnfss\courier.sty"
Package: courier 2005/04/12 PSNFSS-v9.2a (WaS) 
)
("C:\Program Files\MiKTeX 2.9\tex\latex\base\inputenc.sty"
Package: inputenc 2008/03/30 v1.1d Input encoding file
\inpenc@prehook=\toks16
\inpenc@posthook=\toks17

("C:\Program Files\MiKTeX 2.9\tex\latex\base\utf8.def"
File: utf8.def 2008/04/05 v1.1m UTF-8 support for inputenc
Now handling font encoding OML ...
... no UTF-8 mapping file for font encoding OML
Now handling font encoding T1 ...
... processing UTF-8 mapping file for font encoding T1

("C:\Program Files\MiKTeX 2.9\tex\latex\base\t1enc.dfu"
File: t1enc.dfu 2008/04/05 v1.1m UTF-8 support for inputenc
   defining Unicode char U+00A1 (decimal 161)
   defining Unicode char U+00A3 (decimal 163)
   defining Unicode char U+00AB (decimal 171)
   defining Unicode char U+00BB (decimal 187)
   defining Unicode char U+00BF (decimal 191)
   defining Unicode char U+00C0 (decimal 192)
   defining Unicode char U+00C1 (decimal 193)
   defining Unicode char U+00C2 (decimal 194)
   defining Unicode char U+00C3 (decimal 195)
   defining Unicode char U+00C4 (decimal 196)
   defining Unicode char U+00C5 (decimal 197)
   defining Unicode char U+00C6 (decimal 198)
   defining Unicode char U+00C7 (decimal 199)
   defining Unicode char U+00C8 (decimal 200)
   defining Unicode char U+00C9 (decimal 201)
   defining Unicode char U+00CA (decimal 202)
   defining Unicode char U+00CB (decimal 203)
   defining Unicode char U+00CC (decimal 204)
   defining Unicode char U+00CD (decimal 205)
   defining Unicode char U+00CE (decimal 206)
   defining Unicode char U+00CF (decimal 207)
   defining Unicode char U+00D0 (decimal 208)
   defining Unicode char U+00D1 (decimal 209)
   defining Unicode char U+00D2 (decimal 210)
   defining Unicode char U+00D3 (decimal 211)
   defining Unicode char U+00D4 (decimal 212)
   defining Unicode char U+00D5 (decimal 213)
   defining Unicode char U+00D6 (decimal 214)
   defining Unicode char U+00D8 (decimal 216)
   defining Unicode char U+00D9 (decimal 217)
   defining Unicode char U+00DA (decimal 218)
   defining Unicode char U+00DB (decimal 219)
   defining Unicode char U+00DC (decimal 220)
   defining Unicode char U+00DD (decimal 221)
   defining Unicode char U+00DE (decimal 222)
   defining Unicode char U+00DF (decimal 223)
   defining Unicode char U+00E0 (decimal 224)
   defining Unicode char U+00E1 (decimal 225)
   defining Unicode char U+00E2 (decimal 226)
   defining Unicode char U+00E3 (decimal 227)
   defining Unicode char U+00E4 (decimal 228)
   defining Unicode char U+00E5 (decimal 229)
   defining Unicode char U+00E6 (decimal 230)
   defining Unicode char U+00E7 (decimal 231)
   defining Unicode char U+00E8 (decimal 232)
   defining Unicode char U+00E9 (decimal 233)
   defining Unicode char U+00EA (decimal 234)
   defining Unicode char U+00EB (decimal 235)
   defining Unicode char U+00EC (decimal 236)
   defining Unicode char U+00ED (decimal 237)
   defining Unicode char U+00EE (decimal 238)
   defining Unicode char U+00EF (decimal 239)
   defining Unicode char U+00F0 (decimal 240)
   defining Unicode char U+00F1 (decimal 241)
   defining Unicode char U+00F2 (decimal 242)
   defining Unicode char U+00F3 (decimal 243)
   defining Unicode char U+00F4 (decimal 244)
   defining Unicode char U+00F5 (decimal 245)
   defining Unicode char U+00F6 (decimal 246)
   defining Unicode char U+00F8 (decimal 248)
   defining Unicode char U+00F9 (decimal 249)
   defining Unicode char U+00FA (decimal 250)
   defining Unicode char U+00FB (decimal 251)
   defining Unicode char U+00FC (decimal 252)
   defining Unicode char U+00FD (decimal 253)
   defining Unicode char U+00FE (decimal 254)
   defining Unicode char U+00FF (decimal 255)
   defining Unicode char U+0102 (decimal 258)
   defining Unicode char U+0103 (decimal 259)
   defining Unicode char U+0104 (decimal 260)
   defining Unicode char U+0105 (decimal 261)
   defining Unicode char U+0106 (decimal 262)
   defining Unicode char U+0107 (decimal 263)
   defining Unicode char U+010C (decimal 268)
   defining Unicode char U+010D (decimal 269)
   defining Unicode char U+010E (decimal 270)
   defining Unicode char U+010F (decimal 271)
   defining Unicode char U+0110 (decimal 272)
   defining Unicode char U+0111 (decimal 273)
   defining Unicode char U+0118 (decimal 280)
   defining Unicode char U+0119 (decimal 281)
   defining Unicode char U+011A (decimal 282)
   defining Unicode char U+011B (decimal 283)
   defining Unicode char U+011E (decimal 286)
   defining Unicode char U+011F (decimal 287)
   defining Unicode char U+0130 (decimal 304)
   defining Unicode char U+0131 (decimal 305)
   defining Unicode char U+0132 (decimal 306)
   defining Unicode char U+0133 (decimal 307)
   defining Unicode char U+0139 (decimal 313)
   defining Unicode char U+013A (decimal 314)
   defining Unicode char U+013D (decimal 317)
   defining Unicode char U+013E (decimal 318)
   defining Unicode char U+0141 (decimal 321)
   defining Unicode char U+0142 (decimal 322)
   defining Unicode char U+0143 (decimal 323)
   defining Unicode char U+0144 (decimal 324)
   defining Unicode char U+0147 (decimal 327)
   defining Unicode char U+0148 (decimal 328)
   defining Unicode char U+014A (decimal 330)
   defining Unicode char U+014B (decimal 331)
   defining Unicode char U+0150 (decimal 336)
   defining Unicode char U+0151 (decimal 337)
   defining Unicode char U+0152 (decimal 338)
   defining Unicode char U+0153 (decimal 339)
   defining Unicode char U+0154 (decimal 340)
   defining Unicode char U+0155 (decimal 341)
   defining Unicode char U+0158 (decimal 344)
   defining Unicode char U+0159 (decimal 345)
   defining Unicode char U+015A (decimal 346)
   defining Unicode char U+015B (decimal 347)
   defining Unicode char U+015E (decimal 350)
   defining Unicode char U+015F (decimal 351)
   defining Unicode char U+0160 (decimal 352)
   defining Unicode char U+0161 (decimal 353)
   defining Unicode char U+0162 (decimal 354)
   defining Unicode char U+0163 (decimal 355)
   defining Unicode char U+0164 (decimal 356)
   defining Unicode char U+0165 (decimal 357)
   defining Unicode char U+016E (decimal 366)
   defining Unicode char U+016F (decimal 367)
   defining Unicode char U+0170 (decimal 368)
   defining Unicode char U+0171 (decimal 369)
   defining Unicode char U+0178 (decimal 376)
   defining Unicode char U+0179 (decimal 377)
   defining Unicode char U+017A (decimal 378)
   defining Unicode char U+017B (decimal 379)
   defining Unicode char U+017C (decimal 380)
   defining Unicode char U+017D (decimal 381)
   defining Unicode char U+017E (decimal 382)
   defining Unicode char U+200C (decimal 8204)
   defining Unicode char U+2013 (decimal 8211)
   defining Unicode char U+2014 (decimal 8212)
   defining Unicode char U+2018 (decimal 8216)
   defining Unicode char U+2019 (decimal 8217)
   defining Unicode char U+201A (decimal 8218)
   defining Unicode char U+201C (decimal 8220)
   defining Unicode char U+201D (decimal 8221)
   defining Unicode char U+201E (decimal 8222)
   defining Unicode char U+2030 (decimal 8240)
   defining Unicode char U+2031 (decimal 8241)
   defining Unicode char U+2039 (decimal 8249)
   defining Unicode char U+203A (decimal 8250)
   defining Unicode char U+2423 (decimal 9251)
)
Now handling font encoding OT1 ...
... processing UTF-8 mapping file for font encoding OT1

("C:\Program Files\MiKTeX 2.9\tex\latex\base\ot1enc.dfu"
File: ot1enc.dfu 2008/04/05 v1.1m UTF-8 support for inputenc
   defining Unicode char U+00A1 (decimal 161)
   defining Unicode char U+00A3 (decimal 163)
   defining Unicode char U+00B8 (decimal 184)
   defining Unicode char U+00BF (decimal 191)
   defining Unicode char U+00C5 (decimal 197)
   defining Unicode char U+00C6 (decimal 198)
   defining Unicode char U+00D8 (decimal 216)
   defining Unicode char U+00DF (decimal 223)
   defining Unicode char U+00E6 (decimal 230)
   defining Unicode char U+00EC (decimal 236)
   defining Unicode char U+00ED (decimal 237)
   defining Unicode char U+00EE (decimal 238)
   defining Unicode char U+00EF (decimal 239)
   defining Unicode char U+00F8 (decimal 248)
   defining Unicode char U+0131 (decimal 305)
   defining Unicode char U+0141 (decimal 321)
   defining Unicode char U+0142 (decimal 322)
   defining Unicode char U+0152 (decimal 338)
   defining Unicode char U+0153 (decimal 339)
   defining Unicode char U+2013 (decimal 8211)
   defining Unicode char U+2014 (decimal 8212)
   defining Unicode char U+2018 (decimal 8216)
   defining Unicode char U+2019 (decimal 8217)
   defining Unicode char U+201C (decimal 8220)
   defining Unicode char U+201D (decimal 8221)
)
Now handling font encoding OMS ...
... processing UTF-8 mapping file for font encoding OMS

("C:\Program Files\MiKTeX 2.9\tex\latex\base\omsenc.dfu"
File: omsenc.dfu 2008/04/05 v1.1m UTF-8 support for inputenc
   defining Unicode char U+00A7 (decimal 167)
   defining Unicode char U+00B6 (decimal 182)
   defining Unicode char U+00B7 (decimal 183)
   defining Unicode char U+2020 (decimal 8224)
   defining Unicode char U+2021 (decimal 8225)
   defining Unicode char U+2022 (decimal 8226)
)
Now handling font encoding OMX ...
... no UTF-8 mapping file for font encoding OMX
Now handling font encoding U ...
... no UTF-8 mapping file for font encoding U
   defining Unicode char U+00A9 (decimal 169)
   defining Unicode char U+00AA (decimal 170)
   defining Unicode char U+00AE (decimal 174)
   defining Unicode char U+00BA (decimal 186)
   defining Unicode char U+02C6 (decimal 710)
   defining Unicode char U+02DC (decimal 732)
   defining Unicode char U+200C (decimal 8204)
   defining Unicode char U+2026 (decimal 8230)
   defining Unicode char U+2122 (decimal 8482)
   defining Unicode char U+2423 (decimal 9251)
))
("C:\Program Files\MiKTeX 2.9\tex\latex\graphics\graphicx.sty"
Package: graphicx 1999/02/16 v1.0f Enhanced LaTeX Graphics (DPC,SPQR)

("C:\Program Files\MiKTeX 2.9\tex\latex\graphics\graphics.sty"
Package: graphics 2009/02/05 v1.0o Standard LaTeX Graphics (DPC,SPQR)

("C:\Program Files\MiKTeX 2.9\tex\latex\graphics\trig.sty"
Package: trig 1999/03/16 v1.09 sin cos tan (DPC)
)
("C:\Program Files\MiKTeX 2.9\tex\latex\00miktex\graphics.cfg"
File: graphics.cfg 2007/01/18 v1.5 graphics configuration of teTeX/TeXLive
)
Package graphics Info: Driver file: pdftex.def on input line 91.
)
\Gin@req@height=\dimen107
\Gin@req@width=\dimen108
)
("C:\Program Files\MiKTeX 2.9\tex\latex\geometry\geometry.sty"
Package: geometry 2010/09/12 v5.6 Page Geometry

("C:\Program Files\MiKTeX 2.9\tex\generic\oberdiek\ifpdf.sty"
Package: ifpdf 2011/01/30 v2.3 Provides the ifpdf switch (HO)
Package ifpdf Info: pdfTeX in PDF mode is detected.
)
("C:\Program Files\MiKTeX 2.9\tex\generic\oberdiek\ifvtex.sty"
Package: ifvtex 2010/03/01 v1.5 Detect VTeX and its facilities (HO)
Package ifvtex Info: VTeX not detected.
)
("C:\Program Files\MiKTeX 2.9\tex\generic\ifxetex\ifxetex.sty"
Package: ifxetex 2010/09/12 v0.6 Provides ifxetex conditional
)
\Gm@cnth=\count96
\Gm@cntv=\count97
\c@Gm@tempcnt=\count98
\Gm@bindingoffset=\dimen109
\Gm@wd@mp=\dimen110
\Gm@odd@mp=\dimen111
\Gm@even@mp=\dimen112
\Gm@layoutwidth=\dimen113
\Gm@layoutheight=\dimen114
\Gm@layouthoffset=\dimen115
\Gm@layoutvoffset=\dimen116
\Gm@dimlist=\toks18

("C:\Program Files\MiKTeX 2.9\tex\latex\geometry\geometry.cfg"))
(C:\Users\Urbo\Desktop\ESCOM\N1\ESD\P2\PDF.aux)
LaTeX Font Info:    Checking defaults for OML/cmm/m/it on input line 10.
LaTeX Font Info:    ... okay on input line 10.
LaTeX Font Info:    Checking defaults for T1/cmr/m/n on input line 10.
LaTeX Font Info:    ... okay on input line 10.
LaTeX Font Info:    Checking defaults for OT1/cmr/m/n on input line 10.
LaTeX Font Info:    ... okay on input line 10.
LaTeX Font Info:    Checking defaults for OMS/cmsy/m/n on input line 10.
LaTeX Font Info:    ... okay on input line 10.
LaTeX Font Info:    Checking defaults for OMX/cmex/m/n on input line 10.
LaTeX Font Info:    ... okay on input line 10.
LaTeX Font Info:    Checking defaults for U/cmr/m/n on input line 10.
LaTeX Font Info:    ... okay on input line 10.
\c@lstlisting=\count99

("C:\Program Files\MiKTeX 2.9\tex\context\base\supp-pdf.mkii"
[Loading MPS to PDF converter (version 2006.09.02).]
\scratchcounter=\count100
\scratchdimen=\dimen117
\scratchbox=\box28
\nofMPsegments=\count101
\nofMParguments=\count102
\everyMPshowfont=\toks19
\MPscratchCnt=\count103
\MPscratchDim=\dimen118
\MPnumerator=\count104
\makeMPintoPDFobject=\count105
\everyMPtoPDFconversion=\toks20
)
*geometry* driver: auto-detecting
*geometry* detected driver: pdftex
*geometry* verbose mode - [ preamble ] result:
* driver: pdftex
* paper: <default>
* layout: <same size as paper>
* layoutoffset:(h,v)=(0.0pt,0.0pt)
* modes: 
* h-part:(L,W,R)=(128.0374pt, 400.89934pt, 85.35826pt)
* v-part:(T,H,B)=(56.9055pt, 681.15898pt, 56.9055pt)
* \paperwidth=614.295pt
* \paperheight=794.96999pt
* \textwidth=400.89934pt
* \textheight=681.15898pt
* \oddsidemargin=55.76741pt
* \evensidemargin=55.76741pt
* \topmargin=-52.36449pt
* \headheight=12.0pt
* \headsep=25.0pt
* \topskip=10.0pt
* \footskip=30.0pt
* \marginparwidth=65.0pt
* \marginparsep=11.0pt
* \columnsep=10.0pt
* \skip\footins=9.0pt plus 4.0pt minus 2.0pt
* \hoffset=0.0pt
* \voffset=0.0pt
* \mag=1000
* \@twocolumnfalse
* \@twosidefalse
* \@mparswitchfalse
* \@reversemarginfalse
* (1in=72.27pt=25.4mm, 1cm=28.453pt)

("C:\Program Files\MiKTeX 2.9\tex\latex\listings\lstlang1.sty"
File: lstlang1.sty 2004/09/05 1.3 listings language file
)
("C:\Program Files\MiKTeX 2.9\tex\latex\listings\lstmisc.sty"
File: lstmisc.sty 2007/02/22 1.4 (Carsten Heinz)
)
Underfull \hbox (badness 10000) in paragraph at lines 37--53

 []


Underfull \hbox (badness 10000) in paragraph at lines 37--53

 []


Underfull \hbox (badness 10000) in paragraph at lines 37--53

 []


Underfull \hbox (badness 10000) in paragraph at lines 37--53

 []


Underfull \hbox (badness 10000) in paragraph at lines 37--53

 []


Underfull \hbox (badness 10000) in paragraph at lines 37--53

 []


Underfull \hbox (badness 10000) in paragraph at lines 37--53

 []

(C:\Users\Urbo\Desktop\ESCOM\N1\ESD\P2\tex/busqA.tex
Underfull \hbox (badness 10000) in paragraph at lines 54--7

 []

LaTeX Font Info:    Try loading font information for OT1+pcr on input line 7.
("C:\Program Files\MiKTeX 2.9\tex\latex\psnfss\ot1pcr.fd"
File: ot1pcr.fd 2001/06/04 font definitions for OT1/pcr.
)
LaTeX Font Info:    Font shape `OT1/pcr/bx/n' in size <10> not available
(Font)              Font shape `OT1/pcr/b/n' tried instead on input line 7.

(C:\Users\Urbo\Desktop\ESCOM\N1\ESD\P2\Busqueda/TareaA.c [1

{C:/ProgramData/MiKTeX/2.9/pdftex/config/pdftex.map}] [2])
<Busqueda/img/TareaA_1.png, id=12, 371.88937pt x 150.5625pt>
File: Busqueda/img/TareaA_1.png Graphic file (type png)

<use Busqueda/img/TareaA_1.png>
Package pdftex.def Info: Busqueda/img/TareaA_1.png used on input line 10.
(pdftex.def)             Requested size: 371.88846pt x 150.56212pt.
) [3 <C:/Users/Urbo/Desktop/ESCOM/N1/ESD/P2/Busqueda/img/TareaA_1.png>] (C:\Use
rs\Urbo\Desktop\ESCOM\N1\ESD\P2\tex/busqB.tex
(C:\Users\Urbo\Desktop\ESCOM\N1\ESD\P2\Busqueda/TareaB.c [4] [5] [6])
<Busqueda/img/TareaB_1.png, id=25, 267.24844pt x 324.46219pt>
File: Busqueda/img/TareaB_1.png Graphic file (type png)

<use Busqueda/img/TareaB_1.png>
Package pdftex.def Info: Busqueda/img/TareaB_1.png used on input line 9.
(pdftex.def)             Requested size: 267.24779pt x 324.46138pt.
) [7 <C:/Users/Urbo/Desktop/ESCOM/N1/ESD/P2/Busqueda/img/TareaB_1.png>] (C:\Use
rs\Urbo\Desktop\ESCOM\N1\ESD\P2\tex/busqC.tex
(C:\Users\Urbo\Desktop\ESCOM\N1\ESD\P2\Busqueda/TareaC.c [8])
<Busqueda/img/TareaC_1.png, id=33, 197.23688pt x 313.9228pt>
File: Busqueda/img/TareaC_1.png Graphic file (type png)

<use Busqueda/img/TareaC_1.png>
Package pdftex.def Info: Busqueda/img/TareaC_1.png used on input line 8.
(pdftex.def)             Requested size: 197.23637pt x 313.92203pt.
) [9] [10 <C:/Users/Urbo/Desktop/ESCOM/N1/ESD/P2/Busqueda/img/TareaC_1.png>]
(C:\Users\Urbo\Desktop\ESCOM\N1\ESD\P2\tex/busqD.tex)
(C:\Users\Urbo\Desktop\ESCOM\N1\ESD\P2\tex/busqE.tex)
(C:\Users\Urbo\Desktop\ESCOM\N1\ESD\P2\tex/busqF.tex) [11]
(C:\Users\Urbo\Desktop\ESCOM\N1\ESD\P2\tex/recurA.tex
Underfull \hbox (badness 10000) in paragraph at lines 73--4

 []

(C:\Users\Urbo\Desktop\ESCOM\N1\ESD\P2\Recursion/TareaA.c [12])
<Recursion/img/TareaA_1.png, id=46, 55.70813pt x 338.76563pt>
File: Recursion/img/TareaA_1.png Graphic file (type png)

<use Recursion/img/TareaA_1.png>
Package pdftex.def Info: Recursion/img/TareaA_1.png used on input line 7.
(pdftex.def)             Requested size: 55.70798pt x 338.76479pt.

<Recursion/img/TareaA_2.png, id=47, 57.21375pt x 348.55219pt>
File: Recursion/img/TareaA_2.png Graphic file (type png)

<use Recursion/img/TareaA_2.png>
Package pdftex.def Info: Recursion/img/TareaA_2.png used on input line 8.
(pdftex.def)             Requested size: 57.2136pt x 348.55132pt.

<Recursion/img/TareaA_3.png, id=48, 57.21375pt x 338.76563pt>
File: Recursion/img/TareaA_3.png Graphic file (type png)

<use Recursion/img/TareaA_3.png>
Package pdftex.def Info: Recursion/img/TareaA_3.png used on input line 9.
(pdftex.def)             Requested size: 57.2136pt x 338.76479pt.

<Recursion/img/TareaA_4.png, id=49, 57.21375pt x 354.57469pt>
File: Recursion/img/TareaA_4.png Graphic file (type png)

<use Recursion/img/TareaA_4.png>
Package pdftex.def Info: Recursion/img/TareaA_4.png used on input line 10.
(pdftex.def)             Requested size: 57.2136pt x 354.57382pt.

<Recursion/img/TareaA_5.png, id=50, 52.69687pt x 347.04657pt>
File: Recursion/img/TareaA_5.png Graphic file (type png)

<use Recursion/img/TareaA_5.png>
Package pdftex.def Info: Recursion/img/TareaA_5.png used on input line 11.
(pdftex.def)             Requested size: 52.69673pt x 347.04572pt.

<Recursion/img/TareaA_6.png, id=51, 54.2025pt x 348.55219pt>
File: Recursion/img/TareaA_6.png Graphic file (type png)

<use Recursion/img/TareaA_6.png>
Package pdftex.def Info: Recursion/img/TareaA_6.png used on input line 12.
(pdftex.def)             Requested size: 54.20236pt x 348.55132pt.

<Recursion/img/TareaA_7.png, id=52, 54.9553pt x 137.7647pt>
File: Recursion/img/TareaA_7.png Graphic file (type png)

<use Recursion/img/TareaA_7.png>
Package pdftex.def Info: Recursion/img/TareaA_7.png used on input line 13.
(pdftex.def)             Requested size: 54.95515pt x 137.76434pt.
)
Overfull \hbox (1.63695pt too wide) in paragraph at lines 5--79
[] [] [] [] [] [] []
 []


Underfull \hbox (badness 10000) in paragraph at lines 5--79

 []

[13] [14 <C:/Users/Urbo/Desktop/ESCOM/N1/ESD/P2/Recursion/img/TareaA_1.png> <C:
/Users/Urbo/Desktop/ESCOM/N1/ESD/P2/Recursion/img/TareaA_2.png> <C:/Users/Urbo/
Desktop/ESCOM/N1/ESD/P2/Recursion/img/TareaA_3.png> <C:/Users/Urbo/Desktop/ESCO
M/N1/ESD/P2/Recursion/img/TareaA_4.png> <C:/Users/Urbo/Desktop/ESCOM/N1/ESD/P2/
Recursion/img/TareaA_5.png> <C:/Users/Urbo/Desktop/ESCOM/N1/ESD/P2/Recursion/im
g/TareaA_6.png> <C:/Users/Urbo/Desktop/ESCOM/N1/ESD/P2/Recursion/img/TareaA_7.p
ng>] (C:\Users\Urbo\Desktop\ESCOM\N1\ESD\P2\tex/recurB.tex
LaTeX Font Info:    External font `cmex10' loaded for size
(Font)              <7> on input line 3.
LaTeX Font Info:    External font `cmex10' loaded for size
(Font)              <5> on input line 3.

(C:\Users\Urbo\Desktop\ESCOM\N1\ESD\P2\Recursion/TareaB.c [15])
<Recursion/img/TareaB_1.png, id=65, 380.17032pt x 67.0003pt>
File: Recursion/img/TareaB_1.png Graphic file (type png)

<use Recursion/img/TareaB_1.png>
Package pdftex.def Info: Recursion/img/TareaB_1.png used on input line 7.
(pdftex.def)             Requested size: 380.16939pt x 67.00012pt.
) [16 <C:/Users/Urbo/Desktop/ESCOM/N1/ESD/P2/Recursion/img/TareaB_1.png>]
(C:\Users\Urbo\Desktop\ESCOM\N1\ESD\P2\tex/recurC.tex)
(C:\Users\Urbo\Desktop\ESCOM\N1\ESD\P2\tex/recurD.tex
(C:\Users\Urbo\Desktop\ESCOM\N1\ESD\P2\Recursion/TareaD.c [17])
<Recursion/img/TareaD_1.png, id=73, 312.41719pt x 114.4275pt>
File: Recursion/img/TareaD_1.png Graphic file (type png)

<use Recursion/img/TareaD_1.png>
Package pdftex.def Info: Recursion/img/TareaD_1.png used on input line 15.
(pdftex.def)             Requested size: 312.41641pt x 114.42722pt.
) [18 <C:/Users/Urbo/Desktop/ESCOM/N1/ESD/P2/Recursion/img/TareaD_1.png>]
(C:\Users\Urbo\Desktop\ESCOM\N1\ESD\P2\tex/recurE.tex
(C:\Users\Urbo\Desktop\ESCOM\N1\ESD\P2\Recursion/TareaE.c [19] [20])
<Recursion/img/TareaE_1.png, id=84, 190.46156pt x 167.87718pt>
File: Recursion/img/TareaE_1.png Graphic file (type png)

<use Recursion/img/TareaE_1.png>
Package pdftex.def Info: Recursion/img/TareaE_1.png used on input line 8.
(pdftex.def)             Requested size: 190.46107pt x 167.87677pt.
) [21] [22 <C:/Users/Urbo/Desktop/ESCOM/N1/ESD/P2/Recursion/img/TareaE_1.png>]
(C:\Users\Urbo\Desktop\ESCOM\N1\ESD\P2\tex/arbA.tex
Underfull \hbox (badness 10000) in paragraph at lines 90--4

 []

(C:\Users\Urbo\Desktop\ESCOM\N1\ESD\P2\Arboles/TareaA.c [23] [24])) [25]
(C:\Users\Urbo\Desktop\ESCOM\N1\ESD\P2\tex/arbB.tex)
(C:\Users\Urbo\Desktop\ESCOM\N1\ESD\P2\tex/arbC.tex
(C:\Users\Urbo\Desktop\ESCOM\N1\ESD\P2\Arboles/TareaC.c [26])
<Arboles/img/TareaC_1.png, id=104, 98.61844pt x 38.39343pt>
File: Arboles/img/TareaC_1.png Graphic file (type png)

<use Arboles/img/TareaC_1.png>
Package pdftex.def Info: Arboles/img/TareaC_1.png used on input line 6.
(pdftex.def)             Requested size: 98.61818pt x 38.39333pt.
) [27 <C:/Users/Urbo/Desktop/ESCOM/N1/ESD/P2/Arboles/img/TareaC_1.png>] (C:\Use
rs\Urbo\Desktop\ESCOM\N1\ESD\P2\tex/arbD.tex
(C:\Users\Urbo\Desktop\ESCOM\N1\ESD\P2\Arboles/TareaD.c [28] [29])
<Arboles/img/TareaD_1.png, id=114, 113.67468pt x 48.18pt>
File: Arboles/img/TareaD_1.png Graphic file (type png)

<use Arboles/img/TareaD_1.png>
Package pdftex.def Info: Arboles/img/TareaD_1.png used on input line 15.
(pdftex.def)             Requested size: 113.6744pt x 48.17986pt.
) [30 <C:/Users/Urbo/Desktop/ESCOM/N1/ESD/P2/Arboles/img/TareaD_1.png>] (C:\Use
rs\Urbo\Desktop\ESCOM\N1\ESD\P2\tex/arbE.tex
(C:\Users\Urbo\Desktop\ESCOM\N1\ESD\P2\Arboles/TareaE.c [31])
<Arboles/img/TareaE_1.png, id=122, 106.14656pt x 39.89906pt>
File: Arboles/img/TareaE_1.png Graphic file (type png)

<use Arboles/img/TareaE_1.png>
Package pdftex.def Info: Arboles/img/TareaE_1.png used on input line 9.
(pdftex.def)             Requested size: 106.1463pt x 39.89894pt.
) [32 <C:/Users/Urbo/Desktop/ESCOM/N1/ESD/P2/Arboles/img/TareaE_1.png>] (C:\Use
rs\Urbo\Desktop\ESCOM\N1\ESD\P2\tex/arbF.tex
(C:\Users\Urbo\Desktop\ESCOM\N1\ESD\P2\Arboles/TareaF.c [33])
<Arboles/img/TareaF_1.png, id=129, 106.89937pt x 23.33719pt>
File: Arboles/img/TareaF_1.png Graphic file (type png)

<use Arboles/img/TareaF_1.png>
Package pdftex.def Info: Arboles/img/TareaF_1.png used on input line 7.
(pdftex.def)             Requested size: 106.8991pt x 23.33711pt.
) [34 <C:/Users/Urbo/Desktop/ESCOM/N1/ESD/P2/Arboles/img/TareaF_1.png>] (C:\Use
rs\Urbo\Desktop\ESCOM\N1\ESD\P2\tex/arbG.tex)
(C:\Users\Urbo\Desktop\ESCOM\N1\ESD\P2\tex/arbH.tex) [35]
(C:\Users\Urbo\Desktop\ESCOM\N1\ESD\P2\PDF.aux) ) 
Here is how much of TeX's memory you used:
 4076 strings out of 493921
 56690 string characters out of 3147284
 328264 words of memory out of 3000000
 7246 multiletter control sequences out of 15000+200000
 4976 words of font info for 19 fonts, out of 3000000 for 9000
 841 hyphenation exceptions out of 8191
 27i,6n,49p,244b,1646s stack positions out of 5000i,500n,10000p,200000b,50000s
{C:/Program Files/MiKTeX 2.9/f
onts/enc/dvips/fontname/8r.enc}<C:/Program Files/MiKTeX 2.9/fonts/type1/public/
amsfonts/cm/cmbx12.pfb><C:/Program Files/MiKTeX 2.9/fonts/type1/public/amsfonts
/cm/cmmi10.pfb><C:/Program Files/MiKTeX 2.9/fonts/type1/public/amsfonts/cm/cmmi
7.pfb><C:/Program Files/MiKTeX 2.9/fonts/type1/public/amsfonts/cm/cmr10.pfb><C:
/Program Files/MiKTeX 2.9/fonts/type1/public/amsfonts/cm/cmr5.pfb><C:/Program F
iles/MiKTeX 2.9/fonts/type1/public/amsfonts/cm/cmsy10.pfb><C:/Program Files/MiK
TeX 2.9/fonts/type1/urw/courier/ucrb8a.pfb>
Output written on PDF.pdf (35 pages, 196217 bytes).
PDF statistics:
 160 PDF objects out of 1000 (max. 8388607)
 0 named destinations out of 1000 (max. 500000)
 86 words of extra memory for PDF output out of 10000 (max. 10000000)

